[2022-07-16 23:49:39,342] OS name = windows 10
[2022-07-16 23:49:39,344] 
[2022-07-16 23:57:15,655] Register - Step 1: Click Register link
[2022-07-16 23:57:16,833] Register - Step 2: Input first name= Delmer
[2022-07-16 23:57:17,096] Register - Step 3: Input last name= Bogisich
[2022-07-16 23:57:17,314] Register - Step 4: Input email= micah.hudson@gmail.com
[2022-07-16 23:57:17,485] Register - Step 5: Input password and confirm password= 0hc6csa32
[2022-07-16 23:57:17,751] Register - Step 6: Click register button
[2022-07-16 23:57:19,731] OS name = windows 10
[2022-07-16 23:57:19,732] Driver instance name = firefoxdriver: firefox on windows (723c0e4c-b3c4-4593-88a9-029b993da4a3)
[2022-07-17 00:18:18,950] Register - Step 1: Click Register link
[2022-07-17 00:18:20,054] Register - Step 2: Input first name= Cleo
[2022-07-17 00:18:20,294] Register - Step 3: Input last name= Lueilwitz
[2022-07-17 00:18:20,443] Register - Step 4: Input email= jere.haley@hotmail.com
[2022-07-17 00:18:20,644] Register - Step 5: Input password and confirm password= vrgwaw26wry
[2022-07-17 00:18:20,948] Register - Step 6: Click register button
[2022-07-17 00:18:22,776] OS name = windows 10
[2022-07-17 00:18:22,777] Driver instance name = firefoxdriver: firefox on windows (f093bc55-8225-4f24-9d8c-4a030fc725d0)
[2022-07-17 00:19:50,076] Register - Step 1: Click Register link
[2022-07-17 00:19:51,139] Register - Step 2: Input first name= Ashton
[2022-07-17 00:19:51,296] Register - Step 3: Input last name= Streich
[2022-07-17 00:19:51,416] Register - Step 4: Input email= ruben.hilll@hotmail.com
[2022-07-17 00:19:51,560] Register - Step 5: Input password and confirm password= xuofqvbz
[2022-07-17 00:19:51,834] Register - Step 6: Click register button
[2022-07-17 00:19:53,439] OS name = windows 10
[2022-07-17 00:19:53,443] Driver instance name = firefoxdriver: firefox on windows (13e30a88-8ebb-4c5e-89bc-324b77a1f529)
[2022-07-17 00:53:42,414] Register - Step 1: Click Register link
[2022-07-17 00:53:43,416] Register - Step 2: Input first name= Aldo
[2022-07-17 00:53:43,655] Register - Step 3: Input last name= Bergstrom
[2022-07-17 00:53:43,888] Register - Step 4: Input email= letty.bogan@yahoo.com
[2022-07-17 00:53:44,092] Register - Step 5: Input password and confirm password= egeqbu4gl0s
[2022-07-17 00:53:44,361] Register - Step 6: Click register button
[2022-07-17 00:53:46,047] OS name = windows 10
[2022-07-17 00:53:46,048] Driver instance name = firefoxdriver: firefox on windows (d794892b-c6cc-4b48-82d3-36c1520e2e2f)
[2022-07-17 14:59:52,327] Register - Step 1: Click Register link
[2022-07-17 14:59:53,333] Register - Step 2: Input first name= Chet
[2022-07-17 14:59:53,521] Register - Step 3: Input last name= Simonis
[2022-07-17 14:59:53,771] Register - Step 4: Input email= randall.zboncak@yahoo.com
[2022-07-17 14:59:53,964] Register - Step 5: Input password and confirm password= sas86qpr1ghe7lo
[2022-07-17 14:59:54,300] Register - Step 6: Click register button
[2022-07-17 14:59:55,580] OS name = windows 10
[2022-07-17 14:59:55,580] Driver instance name = firefoxdriver: firefox on windows (fa96cb7f-ede3-45df-9057-a877cfdd92e8)
[2022-07-17 15:00:29,325] Register - Step 1: Click Register link
[2022-07-17 15:00:30,181] Register - Step 2: Input first name= Ellis
[2022-07-17 15:00:30,315] Register - Step 3: Input last name= Windler
[2022-07-17 15:00:30,440] Register - Step 4: Input email= katie.boyle@yahoo.com
[2022-07-17 15:00:30,564] Register - Step 5: Input password and confirm password= 85oxvseear5
[2022-07-17 15:00:30,873] Register - Step 6: Click register button
[2022-07-17 15:00:32,045] OS name = windows 10
[2022-07-17 15:00:32,045] Driver instance name = firefoxdriver: firefox on windows (96c69988-7a0c-457c-b337-e6f0b10cbdfb)
[2022-07-17 15:03:01,869] Register - Step 1: Click Register link
[2022-07-17 15:03:02,888] Register - Step 2: Input first name= Bertha
[2022-07-17 15:03:03,039] Register - Step 3: Input last name= Halvorson
[2022-07-17 15:03:03,169] Register - Step 4: Input email= adriana.orn@yahoo.com
[2022-07-17 15:03:03,310] Register - Step 5: Input password and confirm password= cxd4vyp4qsj
[2022-07-17 15:03:03,568] Register - Step 6: Click register button
[2022-07-17 15:03:04,846] OS name = windows 10
[2022-07-17 15:03:04,846] Driver instance name = firefoxdriver: firefox on windows (483eee1c-f994-4eb5-b3c5-b7642b72ba35)
[2022-07-17 15:04:23,593] Register - Step 1: Click Register link
[2022-07-17 15:04:24,824] Register - Step 2: Input first name= Terrie
[2022-07-17 15:04:24,999] Register - Step 3: Input last name= Dickens
[2022-07-17 15:04:25,138] Register - Step 4: Input email= miles.keebler@hotmail.com
[2022-07-17 15:04:25,298] Register - Step 5: Input password and confirm password= s7eia6q3
[2022-07-17 15:04:25,755] Register - Step 6: Click register button
[2022-07-17 15:04:27,252] OS name = windows 10
[2022-07-17 15:04:27,253] Driver instance name = firefoxdriver: firefox on windows (2fa34c8b-15a9-4983-bfc5-aa3dfdad3da6)
[2022-07-17 15:06:45,238] Register - Step 1: Click Register link
[2022-07-17 15:06:46,103] Register - Step 2: Input first name= Elidia
[2022-07-17 15:06:46,239] Register - Step 3: Input last name= Stoltenberg
[2022-07-17 15:06:46,354] Register - Step 4: Input email= aurore.keebler@hotmail.com
[2022-07-17 15:06:46,509] Register - Step 5: Input password and confirm password= gfn4n2uwactdzas
[2022-07-17 15:06:46,763] Register - Step 6: Click register button
[2022-07-17 15:06:47,952] OS name = windows 10
[2022-07-17 15:06:47,954] Driver instance name = firefoxdriver: firefox on windows (ce744c55-bb8d-4c4a-8030-36f277c705f7)
[2022-07-17 15:11:15,682] Register - Step 1: Click Register link
[2022-07-17 15:11:16,639] Register - Step 2: Input first name= Renaldo
[2022-07-17 15:11:16,773] Register - Step 3: Input last name= Kulas
[2022-07-17 15:11:16,892] Register - Step 4: Input email= cole.pfannerstill@hotmail.com
[2022-07-17 15:11:17,029] Register - Step 5: Input password and confirm password= jq6s7jghdmmyoto
[2022-07-17 15:11:17,271] Register - Step 6: Click register button
[2022-07-17 15:11:18,605] OS name = windows 10
[2022-07-17 15:11:18,605] Driver instance name = firefoxdriver: firefox on windows (75841d6b-70f7-4440-9210-ff98c55187d6)
[2022-07-17 15:14:18,402] Register - Step 1: Click Register link
[2022-07-17 15:14:19,648] Register - Step 2: Input first name= Sandy
[2022-07-17 15:14:19,805] Register - Step 3: Input last name= Runolfsson
[2022-07-17 15:14:19,943] Register - Step 4: Input email= grisel.macgyver@yahoo.com
[2022-07-17 15:14:20,085] Register - Step 5: Input password and confirm password= cvxs9nqmgc4m
[2022-07-17 15:14:20,341] Register - Step 6: Click register button
[2022-07-17 15:14:21,524] OS name = windows 10
[2022-07-17 15:14:21,525] Driver instance name = firefoxdriver: firefox on windows (80a36aae-73e0-4927-bdeb-52ed48516455)
[2022-07-17 15:15:52,134] Register - Step 1: Click Register link
[2022-07-17 15:15:53,359] Register - Step 2: Input first name= Cleta
[2022-07-17 15:15:53,488] Register - Step 3: Input last name= Kuhic
[2022-07-17 15:15:53,609] Register - Step 4: Input email= pennie.schumm@gmail.com
[2022-07-17 15:15:53,738] Register - Step 5: Input password and confirm password= rve4f8z0
[2022-07-17 15:15:53,969] Register - Step 6: Click register button
[2022-07-17 15:15:55,464] OS name = windows 10
[2022-07-17 15:15:55,465] Driver instance name = firefoxdriver: firefox on windows (08a95acd-825f-4b72-96a9-f65df11b615c)
[2022-07-17 15:17:40,966] Register - Step 1: Click Register link
[2022-07-17 15:17:41,931] Register - Step 2: Input first name= Byron
[2022-07-17 15:17:42,100] Register - Step 3: Input last name= Ortiz
[2022-07-17 15:17:42,241] Register - Step 4: Input email= tommy.dibbert@yahoo.com
[2022-07-17 15:17:42,404] Register - Step 5: Input password and confirm password= 3w083jf3im4p
[2022-07-17 15:17:42,622] Register - Step 6: Click register button
[2022-07-17 15:17:43,822] OS name = windows 10
[2022-07-17 15:17:43,822] Driver instance name = firefoxdriver: firefox on windows (b129c2d0-0f1b-4afe-849a-1177428173cc)
[2022-07-17 15:25:07,190] D:\1QUYNH_AUTOTEST\Eclipse-java\workspace\maven-hybrid-framework\browserLogs\FirefoxLog.txt
[2022-07-17 15:25:09,581] Register - Step 1: Click Register link
[2022-07-17 15:25:10,429] Register - Step 2: Input first name= Hank
[2022-07-17 15:25:10,564] Register - Step 3: Input last name= Schowalter
[2022-07-17 15:25:10,717] Register - Step 4: Input email= wyatt.oberbrunner@gmail.com
[2022-07-17 15:25:10,871] Register - Step 5: Input password and confirm password= mknxer2ws0r1g
[2022-07-17 15:25:11,137] Register - Step 6: Click register button
[2022-07-17 15:25:12,354] OS name = windows 10
[2022-07-17 15:25:12,355] Driver instance name = firefoxdriver: firefox on windows (3a7ef5af-f975-40c8-bf3c-7d974c262405)
[2022-07-17 15:31:08,775] D:\1QUYNH_AUTOTEST\Eclipse-java\workspace\maven-hybrid-framework\browserLogs\FirefoxLog.txt
[2022-07-17 15:31:11,285] Register - Step 1: Click Register link
[2022-07-17 15:31:12,139] Register - Step 2: Input first name= Jack
[2022-07-17 15:31:12,273] Register - Step 3: Input last name= Gerhold
[2022-07-17 15:31:12,403] Register - Step 4: Input email= kallie.gaylord@gmail.com
[2022-07-17 15:31:12,574] Register - Step 5: Input password and confirm password= kln7bf58jyn
[2022-07-17 15:31:12,807] Register - Step 6: Click register button
[2022-07-17 15:31:14,136] OS name = windows 10
[2022-07-17 15:31:14,136] Driver instance name = firefoxdriver: firefox on windows (6a87ca42-5d71-4915-bab7-adba6ff788f6)
[2022-07-17 15:33:19,311] D:\1QUYNH_AUTOTEST\Eclipse-java\workspace\maven-hybrid-framework\browserLogs\FirefoxLog.txt
[2022-07-17 15:33:21,509] Register - Step 1: Click Register link
[2022-07-17 15:33:22,428] Register - Step 2: Input first name= Anderson
[2022-07-17 15:33:22,606] Register - Step 3: Input last name= Dietrich
[2022-07-17 15:33:22,723] Register - Step 4: Input email= lazaro.spencer@gmail.com
[2022-07-17 15:33:22,864] Register - Step 5: Input password and confirm password= kpget9m8nhbbei
[2022-07-17 15:33:23,126] Register - Step 6: Click register button
[2022-07-17 15:33:24,816] OS name = windows 10
[2022-07-17 15:33:24,817] Driver instance name = firefoxdriver: firefox on windows (b6a45414-89e4-4848-b068-204fee1f3f10)
[2022-07-17 15:35:55,629] D:\1QUYNH_AUTOTEST\Eclipse-java\workspace\maven-hybrid-framework\browserLogs\FirefoxLog.txt
[2022-07-17 15:36:00,097] OS name = windows 10
[2022-07-17 15:36:00,097] 
[2022-07-17 15:36:20,663] D:\1QUYNH_AUTOTEST\Eclipse-java\workspace\maven-hybrid-framework\browserLogs\FirefoxLog.txt
[2022-07-17 15:36:25,338] OS name = windows 10
[2022-07-17 15:36:25,339] 
[2022-07-17 15:41:21,781] D:\1QUYNH_AUTOTEST\Eclipse-java\workspace\maven-hybrid-framework\browserLogs\FirefoxLog.log
[2022-07-17 15:41:23,633] Register - Step 1: Click Register link
[2022-07-17 15:41:24,706] Register - Step 2: Input first name= Willian
[2022-07-17 15:41:24,899] Register - Step 3: Input last name= Frami
[2022-07-17 15:41:25,068] Register - Step 4: Input email= mary.rolfson@hotmail.com
[2022-07-17 15:41:25,292] Register - Step 5: Input password and confirm password= xtl7xlnqld
[2022-07-17 15:41:25,639] Register - Step 6: Click register button
[2022-07-17 15:41:28,264] OS name = windows 10
[2022-07-17 15:41:28,264] Driver instance name = firefoxdriver: firefox on windows (e87f191d-758c-4571-bc78-ba29df047c80)
[2022-07-17 15:44:25,724] D:\1QUYNH_AUTOTEST\Eclipse-java\workspace\maven-hybrid-framework\browserLogs\FirefoxLog.log
[2022-07-17 15:44:27,882] Register - Step 1: Click Register link
[2022-07-17 15:44:28,785] Register - Step 2: Input first name= Joey
[2022-07-17 15:44:28,931] Register - Step 3: Input last name= Lind
[2022-07-17 15:44:29,066] Register - Step 4: Input email= stephine.jakubowski@yahoo.com
[2022-07-17 15:44:29,204] Register - Step 5: Input password and confirm password= ng046mlvo6zua
[2022-07-17 15:44:29,459] Register - Step 6: Click register button
[2022-07-17 15:44:30,716] OS name = windows 10
[2022-07-17 15:44:30,717] Driver instance name = firefoxdriver: firefox on windows (b94737ff-d779-4aae-a353-7397f63eaf2b)
[2022-07-17 15:46:41,579] D:\1QUYNH_AUTOTEST\Eclipse-java\workspace\maven-hybrid-framework\browserLogs\FirefoxLog.log
[2022-07-17 15:46:44,074] Register - Step 1: Click Register link
[2022-07-17 15:46:45,130] Register - Step 2: Input first name= Marcell
[2022-07-17 15:46:45,259] Register - Step 3: Input last name= Dickinson
[2022-07-17 15:46:45,365] Register - Step 4: Input email= daren.walsh@hotmail.com
[2022-07-17 15:46:45,495] Register - Step 5: Input password and confirm password= nywm0x9s1b2jf5q
[2022-07-17 15:46:45,714] Register - Step 6: Click register button
[2022-07-17 15:46:46,943] OS name = windows 10
[2022-07-17 15:46:46,943] Driver instance name = firefoxdriver: firefox on windows (c199a77a-3df5-4c72-8de1-2734141a4fe7)
[2022-07-17 15:49:30,656] D:\1QUYNH_AUTOTEST\Eclipse-java\workspace\maven-hybrid-framework\browserDrivers\FirefoxLog.log
[2022-07-17 15:49:40,849] Register - Step 1: Click Register link
[2022-07-17 15:49:41,763] Register - Step 2: Input first name= Nathaniel
[2022-07-17 15:49:41,902] Register - Step 3: Input last name= Block
[2022-07-17 15:49:42,019] Register - Step 4: Input email= susanna.barrows@hotmail.com
[2022-07-17 15:49:42,161] Register - Step 5: Input password and confirm password= fu8i2j7jusd
[2022-07-17 15:49:42,408] Register - Step 6: Click register button
[2022-07-17 15:49:43,661] OS name = windows 10
[2022-07-17 15:49:43,661] Driver instance name = firefoxdriver: firefox on windows (1c9f78f3-d258-4036-a478-7aa162ae4655)
[2022-07-17 16:17:03,380] Register - Step 1: Click Register link
[2022-07-17 16:17:04,458] Register - Step 2: Input first name= Alpha
[2022-07-17 16:17:04,703] Register - Step 3: Input last name= Roob
[2022-07-17 16:17:04,941] Register - Step 4: Input email= monty.pacocha@hotmail.com
[2022-07-17 16:17:05,207] Register - Step 5: Input password and confirm password= x5dhabhq1hhlq
[2022-07-17 16:17:05,678] Register - Step 6: Click register button
[2022-07-17 16:17:07,111] OS name = windows 10
[2022-07-17 16:17:07,112] Driver instance name = chromedriver: chrome on windows (346318a4bfc1f0da19cd263b463f5c91)
